Open On-Chip Debugger 0.11.0+dev-00418-g918811529 (2021-10-22-09:40)
Licensed under GNU GPL v2
For bug reports, read
	http://openocd.org/doc/doxygen/bugs.html
Info : auto-selecting first available session transport "hla_swd". To override use 'transport select <transport>'.
Info : The selected transport took over low-level target control. The results might differ compared to plain JTAG/SWD
Info : DEPRECATED target event trace-config; use TPIU events {pre,post}-{enable,disable}
Info : clock speed 1000 kHz
Info : STLINK V2J30M19 (API v2) VID:PID 0483:374B
Info : Target voltage: 3.290656
Info : stm32f1x.cpu: Cortex-M3 r1p1 processor detected
Info : stm32f1x.cpu: target has 6 breakpoints, 4 watchpoints
Info : starting gdb server for stm32f1x.cpu on 3333
Info : Listening on port 3333 for gdb connections
target halted due to debug-request, current mode: Thread 
xPSR: 0x01000000 pc: 0x080000ec msp: 0x20000400
** Programming Started **
Info : device id = 0x20036410
Info : flash size = 128kbytes
** Programming Finished **
** Verify Started **
** Verified OK **
** Resetting Target **
shutdown command invoked
